<?xml version="1.0" encoding="UTF-8"?>
<testsuite xmlns:xsi="http://www.w3.org/2001/XMLSchema-instance" xsi:noNamespaceSchemaLocation="https://maven.apache.org/surefire/maven-surefire-plugin/xsd/surefire-test-report.xsd" name="org.geotools.AppTest" time="0.01" tests="1" errors="0" skipped="0" failures="0">
  <properties>
    <property name="sun.desktop" value="windows"/>
    <property name="awt.toolkit" value="sun.awt.windows.WToolkit"/>
    <property name="file.encoding.pkg" value="sun.io"/>
    <property name="java.specification.version" value="1.8"/>
    <property name="sun.cpu.isalist" value="amd64"/>
    <property name="sun.jnu.encoding" value="GBK"/>
    <property name="java.class.path" value="D:\Learn\src\GIS\GeoToolsLearn\tutorial\target\test-classes;D:\Learn\src\GIS\GeoToolsLearn\tutorial\target\classes;C:\Users\dyx\.m2\repository\junit\junit\4.11\junit-4.11.jar;C:\Users\dyx\.m2\repository\org\hamcrest\hamcrest-core\1.3\hamcrest-core-1.3.jar;C:\Users\dyx\.m2\repository\org\geotools\gt-shapefile\27-SNAPSHOT\gt-shapefile-27-SNAPSHOT.jar;C:\Users\dyx\.m2\repository\org\geotools\gt-main\27-SNAPSHOT\gt-main-27-SNAPSHOT.jar;C:\Users\dyx\.m2\repository\org\geotools\gt-http\27-SNAPSHOT\gt-http-27-SNAPSHOT.jar;C:\Users\dyx\.m2\repository\org\locationtech\jts\jts-core\1.18.2\jts-core-1.18.2.jar;C:\Users\dyx\.m2\repository\org\apache\commons\commons-text\1.6\commons-text-1.6.jar;C:\Users\dyx\.m2\repository\org\apache\commons\commons-lang3\3.8.1\commons-lang3-3.8.1.jar;C:\Users\dyx\.m2\repository\com\fasterxml\jackson\core\jackson-core\2.10.5\jackson-core-2.10.5.jar;C:\Users\dyx\.m2\repository\javax\media\jai_core\1.1.3\jai_core-1.1.3.jar;C:\Users\dyx\.m2\repository\org\geotools\gt-swing\27-SNAPSHOT\gt-swing-27-SNAPSHOT.jar;C:\Users\dyx\.m2\repository\org\geotools\gt-referencing\27-SNAPSHOT\gt-referencing-27-SNAPSHOT.jar;C:\Users\dyx\.m2\repository\org\ejml\ejml-ddense\0.34\ejml-ddense-0.34.jar;C:\Users\dyx\.m2\repository\org\ejml\ejml-core\0.34\ejml-core-0.34.jar;C:\Users\dyx\.m2\repository\commons-pool\commons-pool\1.5.4\commons-pool-1.5.4.jar;C:\Users\dyx\.m2\repository\org\geotools\gt-metadata\27-SNAPSHOT\gt-metadata-27-SNAPSHOT.jar;C:\Users\dyx\.m2\repository\org\geotools\gt-opengis\27-SNAPSHOT\gt-opengis-27-SNAPSHOT.jar;C:\Users\dyx\.m2\repository\systems\uom\systems-common\2.0.2\systems-common-2.0.2.jar;C:\Users\dyx\.m2\repository\javax\measure\unit-api\2.0\unit-api-2.0.jar;C:\Users\dyx\.m2\repository\tech\units\indriya\2.0.2\indriya-2.0.2.jar;C:\Users\dyx\.m2\repository\tech\uom\lib\uom-lib-common\2.0\uom-lib-common-2.0.jar;C:\Users\dyx\.m2\repository\javax\inject\javax.inject\1\javax.inject-1.jar;C:\Users\dyx\.m2\repository\si\uom\si-quantity\2.0.1\si-quantity-2.0.1.jar;C:\Users\dyx\.m2\repository\si\uom\si-units\2.0.1\si-units-2.0.1.jar;C:\Users\dyx\.m2\repository\jakarta\annotation\jakarta.annotation-api\1.3.4\jakarta.annotation-api-1.3.4.jar;C:\Users\dyx\.m2\repository\org\geotools\ogc\net.opengis.ows\27-SNAPSHOT\net.opengis.ows-27-SNAPSHOT.jar;C:\Users\dyx\.m2\repository\org\geotools\ogc\org.w3.xlink\27-SNAPSHOT\org.w3.xlink-27-SNAPSHOT.jar;C:\Users\dyx\.m2\repository\org\eclipse\emf\org.eclipse.emf.common\2.15.0\org.eclipse.emf.common-2.15.0.jar;C:\Users\dyx\.m2\repository\org\eclipse\emf\org.eclipse.emf.ecore\2.15.0\org.eclipse.emf.ecore-2.15.0.jar;C:\Users\dyx\.m2\repository\org\eclipse\emf\org.eclipse.emf.ecore.xmi\2.15.0\org.eclipse.emf.ecore.xmi-2.15.0.jar;C:\Users\dyx\.m2\repository\it\geosolutions\jgridshift\jgridshift-core\1.3\jgridshift-core-1.3.jar;C:\Users\dyx\.m2\repository\net\sf\geographiclib\GeographicLib-Java\1.49\GeographicLib-Java-1.49.jar;C:\Users\dyx\.m2\repository\org\geotools\gt-render\27-SNAPSHOT\gt-render-27-SNAPSHOT.jar;C:\Users\dyx\.m2\repository\org\geotools\gt-coverage\27-SNAPSHOT\gt-coverage-27-SNAPSHOT.jar;C:\Users\dyx\.m2\repository\javax\media\jai_imageio\1.1\jai_imageio-1.1.jar;C:\Users\dyx\.m2\repository\it\geosolutions\imageio-ext\imageio-ext-tiff\1.3.11\imageio-ext-tiff-1.3.11.jar;C:\Users\dyx\.m2\repository\it\geosolutions\imageio-ext\imageio-ext-utilities\1.3.11\imageio-ext-utilities-1.3.11.jar;C:\Users\dyx\.m2\repository\it\geosolutions\imageio-ext\imageio-ext-geocore\1.3.11\imageio-ext-geocore-1.3.11.jar;C:\Users\dyx\.m2\repository\javax\xml\bind\jaxb-api\2.4.0-b180830.0359\jaxb-api-2.4.0-b180830.0359.jar;C:\Users\dyx\.m2\repository\it\geosolutions\imageio-ext\imageio-ext-streams\1.3.11\imageio-ext-streams-1.3.11.jar;C:\Users\dyx\.m2\repository\org\glassfish\jaxb\jaxb-runtime\2.4.0-b180830.0438\jaxb-runtime-2.4.0-b180830.0438.jar;C:\Users\dyx\.m2\repository\org\glassfish\jaxb\txw2\2.4.0-b180830.0438\txw2-2.4.0-b180830.0438.jar;C:\Users\dyx\.m2\repository\com\sun\istack\istack-commons-runtime\3.0.7\istack-commons-runtime-3.0.7.jar;C:\Users\dyx\.m2\repository\org\jvnet\staxex\stax-ex\1.8\stax-ex-1.8.jar;C:\Users\dyx\.m2\repository\com\sun\xml\fastinfoset\FastInfoset\1.2.15\FastInfoset-1.2.15.jar;C:\Users\dyx\.m2\repository\javax\activation\javax.activation-api\1.2.0\javax.activation-api-1.2.0.jar;C:\Users\dyx\.m2\repository\io\airlift\aircompressor\0.20\aircompressor-0.20.jar;C:\Users\dyx\.m2\repository\javax\media\jai_codec\1.1.3\jai_codec-1.1.3.jar;C:\Users\dyx\.m2\repository\org\jaitools\jt-zonalstats\1.6.0\jt-zonalstats-1.6.0.jar;C:\Users\dyx\.m2\repository\org\jaitools\jt-utils\1.6.0\jt-utils-1.6.0.jar;C:\Users\dyx\.m2\repository\it\geosolutions\jaiext\affine\jt-affine\1.1.21\jt-affine-1.1.21.jar;C:\Users\dyx\.m2\repository\it\geosolutions\jaiext\algebra\jt-algebra\1.1.21\jt-algebra-1.1.21.jar;C:\Users\dyx\.m2\repository\it\geosolutions\jaiext\bandmerge\jt-bandmerge\1.1.21\jt-bandmerge-1.1.21.jar;C:\Users\dyx\.m2\repository\it\geosolutions\jaiext\bandselect\jt-bandselect\1.1.21\jt-bandselect-1.1.21.jar;C:\Users\dyx\.m2\repository\it\geosolutions\jaiext\bandcombine\jt-bandcombine\1.1.21\jt-bandcombine-1.1.21.jar;C:\Users\dyx\.m2\repository\it\geosolutions\jaiext\border\jt-border\1.1.21\jt-border-1.1.21.jar;C:\Users\dyx\.m2\repository\it\geosolutions\jaiext\buffer\jt-buffer\1.1.21\jt-buffer-1.1.21.jar;C:\Users\dyx\.m2\repository\it\geosolutions\jaiext\crop\jt-crop\1.1.21\jt-crop-1.1.21.jar;C:\Users\dyx\.m2\repository\it\geosolutions\jaiext\iterators\jt-iterators\1.1.21\jt-iterators-1.1.21.jar;C:\Users\dyx\.m2\repository\it\geosolutions\jaiext\lookup\jt-lookup\1.1.21\jt-lookup-1.1.21.jar;C:\Users\dyx\.m2\repository\it\geosolutions\jaiext\mosaic\jt-mosaic\1.1.21\jt-mosaic-1.1.21.jar;C:\Users\dyx\.m2\repository\it\geosolutions\jaiext\nullop\jt-nullop\1.1.21\jt-nullop-1.1.21.jar;C:\Users\dyx\.m2\repository\it\geosolutions\jaiext\rescale\jt-rescale\1.1.21\jt-rescale-1.1.21.jar;C:\Users\dyx\.m2\repository\it\geosolutions\jaiext\scale\jt-scale\1.1.21\jt-scale-1.1.21.jar;C:\Users\dyx\.m2\repository\it\geosolutions\jaiext\scale2\jt-scale2\1.1.21\jt-scale2-1.1.21.jar;C:\Users\dyx\.m2\repository\org\huldra\math\bigint\0.7.1\bigint-0.7.1.jar;C:\Users\dyx\.m2\repository\it\geosolutions\jaiext\stats\jt-stats\1.1.21\jt-stats-1.1.21.jar;C:\Users\dyx\.m2\repository\com\google\guava\guava\27.0-jre\guava-27.0-jre.jar;C:\Users\dyx\.m2\repository\com\google\guava\failureaccess\1.0\failureaccess-1.0.jar;C:\Users\dyx\.m2\repository\com\google\guava\listenablefuture\9999.0-empty-to-avoid-conflict-with-guava\listenablefuture-9999.0-empty-to-avoid-conflict-with-guava.jar;C:\Users\dyx\.m2\repository\com\google\code\findbugs\jsr305\3.0.2\jsr305-3.0.2.jar;C:\Users\dyx\.m2\repository\org\checkerframework\checker-qual\2.5.2\checker-qual-2.5.2.jar;C:\Users\dyx\.m2\repository\com\google\errorprone\error_prone_annotations\2.2.0\error_prone_annotations-2.2.0.jar;C:\Users\dyx\.m2\repository\com\google\j2objc\j2objc-annotations\1.1\j2objc-annotations-1.1.jar;C:\Users\dyx\.m2\repository\org\codehaus\mojo\animal-sniffer-annotations\1.17\animal-sniffer-annotations-1.17.jar;C:\Users\dyx\.m2\repository\it\geosolutions\jaiext\translate\jt-translate\1.1.21\jt-translate-1.1.21.jar;C:\Users\dyx\.m2\repository\it\geosolutions\jaiext\utilities\jt-utilities\1.1.21\jt-utilities-1.1.21.jar;C:\Users\dyx\.m2\repository\it\geosolutions\jaiext\warp\jt-warp\1.1.21\jt-warp-1.1.21.jar;C:\Users\dyx\.m2\repository\it\geosolutions\jaiext\zonal\jt-zonal\1.1.21\jt-zonal-1.1.21.jar;C:\Users\dyx\.m2\repository\it\geosolutions\jaiext\binarize\jt-binarize\1.1.21\jt-binarize-1.1.21.jar;C:\Users\dyx\.m2\repository\it\geosolutions\jaiext\format\jt-format\1.1.21\jt-format-1.1.21.jar;C:\Users\dyx\.m2\repository\it\geosolutions\jaiext\colorconvert\jt-colorconvert\1.1.21\jt-colorconvert-1.1.21.jar;C:\Users\dyx\.m2\repository\it\geosolutions\jaiext\errordiffusion\jt-errordiffusion\1.1.21\jt-errordiffusion-1.1.21.jar;C:\Users\dyx\.m2\repository\it\geosolutions\jaiext\orderdither\jt-orderdither\1.1.21\jt-orderdither-1.1.21.jar;C:\Users\dyx\.m2\repository\it\geosolutions\jaiext\colorindexer\jt-colorindexer\1.1.21\jt-colorindexer-1.1.21.jar;C:\Users\dyx\.m2\repository\it\geosolutions\jaiext\imagefunction\jt-imagefunction\1.1.21\jt-imagefunction-1.1.21.jar;C:\Users\dyx\.m2\repository\it\geosolutions\jaiext\piecewise\jt-piecewise\1.1.21\jt-piecewise-1.1.21.jar;C:\Users\dyx\.m2\repository\it\geosolutions\jaiext\classifier\jt-classifier\1.1.21\jt-classifier-1.1.21.jar;C:\Users\dyx\.m2\repository\it\geosolutions\jaiext\rlookup\jt-rlookup\1.1.21\jt-rlookup-1.1.21.jar;C:\Users\dyx\.m2\repository\it\geosolutions\jaiext\vectorbin\jt-vectorbin\1.1.21\jt-vectorbin-1.1.21.jar;C:\Users\dyx\.m2\repository\it\geosolutions\jaiext\shadedrelief\jt-shadedrelief\1.1.21\jt-shadedrelief-1.1.21.jar;C:\Users\dyx\.m2\repository\commons-io\commons-io\2.10.0\commons-io-2.10.0.jar;C:\Users\dyx\.m2\repository\org\geotools\gt-cql\27-SNAPSHOT\gt-cql-27-SNAPSHOT.jar;C:\Users\dyx\.m2\repository\com\conversantmedia\disruptor\1.2.13\disruptor-1.2.13.jar;C:\Users\dyx\.m2\repository\org\slf4j\slf4j-api\1.7.13\slf4j-api-1.7.13.jar;C:\Users\dyx\.m2\repository\com\miglayout\miglayout\3.7\miglayout-3.7-swing.jar;"/>
    <property name="java.vm.vendor" value="Oracle Corporation"/>
    <property name="sun.arch.data.model" value="64"/>
    <property name="user.variant" value=""/>
    <property name="java.vendor.url" value="http://java.oracle.com/"/>
    <property name="user.timezone" value="Asia/Shanghai"/>
    <property name="java.vm.specification.version" value="1.8"/>
    <property name="os.name" value="Windows 10"/>
    <property name="user.country" value="CN"/>
    <property name="sun.java.launcher" value="SUN_STANDARD"/>
    <property name="sun.boot.library.path" value="C:\Program Files\Java\jdk1.8.0_191\jre\bin"/>
    <property name="sun.java.command" value="C:\Users\dyx\AppData\Local\Temp\surefire4965039355218255869\surefirebooter326886529115978302.jar C:\Users\dyx\AppData\Local\Temp\surefire4965039355218255869 2021-12-05T09-22-41_296-jvmRun1 surefire531912654331411211tmp surefire_05112549817118990591tmp"/>
    <property name="surefire.test.class.path" value="D:\Learn\src\GIS\GeoToolsLearn\tutorial\target\test-classes;D:\Learn\src\GIS\GeoToolsLearn\tutorial\target\classes;C:\Users\dyx\.m2\repository\junit\junit\4.11\junit-4.11.jar;C:\Users\dyx\.m2\repository\org\hamcrest\hamcrest-core\1.3\hamcrest-core-1.3.jar;C:\Users\dyx\.m2\repository\org\geotools\gt-shapefile\27-SNAPSHOT\gt-shapefile-27-SNAPSHOT.jar;C:\Users\dyx\.m2\repository\org\geotools\gt-main\27-SNAPSHOT\gt-main-27-SNAPSHOT.jar;C:\Users\dyx\.m2\repository\org\geotools\gt-http\27-SNAPSHOT\gt-http-27-SNAPSHOT.jar;C:\Users\dyx\.m2\repository\org\locationtech\jts\jts-core\1.18.2\jts-core-1.18.2.jar;C:\Users\dyx\.m2\repository\org\apache\commons\commons-text\1.6\commons-text-1.6.jar;C:\Users\dyx\.m2\repository\org\apache\commons\commons-lang3\3.8.1\commons-lang3-3.8.1.jar;C:\Users\dyx\.m2\repository\com\fasterxml\jackson\core\jackson-core\2.10.5\jackson-core-2.10.5.jar;C:\Users\dyx\.m2\repository\javax\media\jai_core\1.1.3\jai_core-1.1.3.jar;C:\Users\dyx\.m2\repository\org\geotools\gt-swing\27-SNAPSHOT\gt-swing-27-SNAPSHOT.jar;C:\Users\dyx\.m2\repository\org\geotools\gt-referencing\27-SNAPSHOT\gt-referencing-27-SNAPSHOT.jar;C:\Users\dyx\.m2\repository\org\ejml\ejml-ddense\0.34\ejml-ddense-0.34.jar;C:\Users\dyx\.m2\repository\org\ejml\ejml-core\0.34\ejml-core-0.34.jar;C:\Users\dyx\.m2\repository\commons-pool\commons-pool\1.5.4\commons-pool-1.5.4.jar;C:\Users\dyx\.m2\repository\org\geotools\gt-metadata\27-SNAPSHOT\gt-metadata-27-SNAPSHOT.jar;C:\Users\dyx\.m2\repository\org\geotools\gt-opengis\27-SNAPSHOT\gt-opengis-27-SNAPSHOT.jar;C:\Users\dyx\.m2\repository\systems\uom\systems-common\2.0.2\systems-common-2.0.2.jar;C:\Users\dyx\.m2\repository\javax\measure\unit-api\2.0\unit-api-2.0.jar;C:\Users\dyx\.m2\repository\tech\units\indriya\2.0.2\indriya-2.0.2.jar;C:\Users\dyx\.m2\repository\tech\uom\lib\uom-lib-common\2.0\uom-lib-common-2.0.jar;C:\Users\dyx\.m2\repository\javax\inject\javax.inject\1\javax.inject-1.jar;C:\Users\dyx\.m2\repository\si\uom\si-quantity\2.0.1\si-quantity-2.0.1.jar;C:\Users\dyx\.m2\repository\si\uom\si-units\2.0.1\si-units-2.0.1.jar;C:\Users\dyx\.m2\repository\jakarta\annotation\jakarta.annotation-api\1.3.4\jakarta.annotation-api-1.3.4.jar;C:\Users\dyx\.m2\repository\org\geotools\ogc\net.opengis.ows\27-SNAPSHOT\net.opengis.ows-27-SNAPSHOT.jar;C:\Users\dyx\.m2\repository\org\geotools\ogc\org.w3.xlink\27-SNAPSHOT\org.w3.xlink-27-SNAPSHOT.jar;C:\Users\dyx\.m2\repository\org\eclipse\emf\org.eclipse.emf.common\2.15.0\org.eclipse.emf.common-2.15.0.jar;C:\Users\dyx\.m2\repository\org\eclipse\emf\org.eclipse.emf.ecore\2.15.0\org.eclipse.emf.ecore-2.15.0.jar;C:\Users\dyx\.m2\repository\org\eclipse\emf\org.eclipse.emf.ecore.xmi\2.15.0\org.eclipse.emf.ecore.xmi-2.15.0.jar;C:\Users\dyx\.m2\repository\it\geosolutions\jgridshift\jgridshift-core\1.3\jgridshift-core-1.3.jar;C:\Users\dyx\.m2\repository\net\sf\geographiclib\GeographicLib-Java\1.49\GeographicLib-Java-1.49.jar;C:\Users\dyx\.m2\repository\org\geotools\gt-render\27-SNAPSHOT\gt-render-27-SNAPSHOT.jar;C:\Users\dyx\.m2\repository\org\geotools\gt-coverage\27-SNAPSHOT\gt-coverage-27-SNAPSHOT.jar;C:\Users\dyx\.m2\repository\javax\media\jai_imageio\1.1\jai_imageio-1.1.jar;C:\Users\dyx\.m2\repository\it\geosolutions\imageio-ext\imageio-ext-tiff\1.3.11\imageio-ext-tiff-1.3.11.jar;C:\Users\dyx\.m2\repository\it\geosolutions\imageio-ext\imageio-ext-utilities\1.3.11\imageio-ext-utilities-1.3.11.jar;C:\Users\dyx\.m2\repository\it\geosolutions\imageio-ext\imageio-ext-geocore\1.3.11\imageio-ext-geocore-1.3.11.jar;C:\Users\dyx\.m2\repository\javax\xml\bind\jaxb-api\2.4.0-b180830.0359\jaxb-api-2.4.0-b180830.0359.jar;C:\Users\dyx\.m2\repository\it\geosolutions\imageio-ext\imageio-ext-streams\1.3.11\imageio-ext-streams-1.3.11.jar;C:\Users\dyx\.m2\repository\org\glassfish\jaxb\jaxb-runtime\2.4.0-b180830.0438\jaxb-runtime-2.4.0-b180830.0438.jar;C:\Users\dyx\.m2\repository\org\glassfish\jaxb\txw2\2.4.0-b180830.0438\txw2-2.4.0-b180830.0438.jar;C:\Users\dyx\.m2\repository\com\sun\istack\istack-commons-runtime\3.0.7\istack-commons-runtime-3.0.7.jar;C:\Users\dyx\.m2\repository\org\jvnet\staxex\stax-ex\1.8\stax-ex-1.8.jar;C:\Users\dyx\.m2\repository\com\sun\xml\fastinfoset\FastInfoset\1.2.15\FastInfoset-1.2.15.jar;C:\Users\dyx\.m2\repository\javax\activation\javax.activation-api\1.2.0\javax.activation-api-1.2.0.jar;C:\Users\dyx\.m2\repository\io\airlift\aircompressor\0.20\aircompressor-0.20.jar;C:\Users\dyx\.m2\repository\javax\media\jai_codec\1.1.3\jai_codec-1.1.3.jar;C:\Users\dyx\.m2\repository\org\jaitools\jt-zonalstats\1.6.0\jt-zonalstats-1.6.0.jar;C:\Users\dyx\.m2\repository\org\jaitools\jt-utils\1.6.0\jt-utils-1.6.0.jar;C:\Users\dyx\.m2\repository\it\geosolutions\jaiext\affine\jt-affine\1.1.21\jt-affine-1.1.21.jar;C:\Users\dyx\.m2\repository\it\geosolutions\jaiext\algebra\jt-algebra\1.1.21\jt-algebra-1.1.21.jar;C:\Users\dyx\.m2\repository\it\geosolutions\jaiext\bandmerge\jt-bandmerge\1.1.21\jt-bandmerge-1.1.21.jar;C:\Users\dyx\.m2\repository\it\geosolutions\jaiext\bandselect\jt-bandselect\1.1.21\jt-bandselect-1.1.21.jar;C:\Users\dyx\.m2\repository\it\geosolutions\jaiext\bandcombine\jt-bandcombine\1.1.21\jt-bandcombine-1.1.21.jar;C:\Users\dyx\.m2\repository\it\geosolutions\jaiext\border\jt-border\1.1.21\jt-border-1.1.21.jar;C:\Users\dyx\.m2\repository\it\geosolutions\jaiext\buffer\jt-buffer\1.1.21\jt-buffer-1.1.21.jar;C:\Users\dyx\.m2\repository\it\geosolutions\jaiext\crop\jt-crop\1.1.21\jt-crop-1.1.21.jar;C:\Users\dyx\.m2\repository\it\geosolutions\jaiext\iterators\jt-iterators\1.1.21\jt-iterators-1.1.21.jar;C:\Users\dyx\.m2\repository\it\geosolutions\jaiext\lookup\jt-lookup\1.1.21\jt-lookup-1.1.21.jar;C:\Users\dyx\.m2\repository\it\geosolutions\jaiext\mosaic\jt-mosaic\1.1.21\jt-mosaic-1.1.21.jar;C:\Users\dyx\.m2\repository\it\geosolutions\jaiext\nullop\jt-nullop\1.1.21\jt-nullop-1.1.21.jar;C:\Users\dyx\.m2\repository\it\geosolutions\jaiext\rescale\jt-rescale\1.1.21\jt-rescale-1.1.21.jar;C:\Users\dyx\.m2\repository\it\geosolutions\jaiext\scale\jt-scale\1.1.21\jt-scale-1.1.21.jar;C:\Users\dyx\.m2\repository\it\geosolutions\jaiext\scale2\jt-scale2\1.1.21\jt-scale2-1.1.21.jar;C:\Users\dyx\.m2\repository\org\huldra\math\bigint\0.7.1\bigint-0.7.1.jar;C:\Users\dyx\.m2\repository\it\geosolutions\jaiext\stats\jt-stats\1.1.21\jt-stats-1.1.21.jar;C:\Users\dyx\.m2\repository\com\google\guava\guava\27.0-jre\guava-27.0-jre.jar;C:\Users\dyx\.m2\repository\com\google\guava\failureaccess\1.0\failureaccess-1.0.jar;C:\Users\dyx\.m2\repository\com\google\guava\listenablefuture\9999.0-empty-to-avoid-conflict-with-guava\listenablefuture-9999.0-empty-to-avoid-conflict-with-guava.jar;C:\Users\dyx\.m2\repository\com\google\code\findbugs\jsr305\3.0.2\jsr305-3.0.2.jar;C:\Users\dyx\.m2\repository\org\checkerframework\checker-qual\2.5.2\checker-qual-2.5.2.jar;C:\Users\dyx\.m2\repository\com\google\errorprone\error_prone_annotations\2.2.0\error_prone_annotations-2.2.0.jar;C:\Users\dyx\.m2\repository\com\google\j2objc\j2objc-annotations\1.1\j2objc-annotations-1.1.jar;C:\Users\dyx\.m2\repository\org\codehaus\mojo\animal-sniffer-annotations\1.17\animal-sniffer-annotations-1.17.jar;C:\Users\dyx\.m2\repository\it\geosolutions\jaiext\translate\jt-translate\1.1.21\jt-translate-1.1.21.jar;C:\Users\dyx\.m2\repository\it\geosolutions\jaiext\utilities\jt-utilities\1.1.21\jt-utilities-1.1.21.jar;C:\Users\dyx\.m2\repository\it\geosolutions\jaiext\warp\jt-warp\1.1.21\jt-warp-1.1.21.jar;C:\Users\dyx\.m2\repository\it\geosolutions\jaiext\zonal\jt-zonal\1.1.21\jt-zonal-1.1.21.jar;C:\Users\dyx\.m2\repository\it\geosolutions\jaiext\binarize\jt-binarize\1.1.21\jt-binarize-1.1.21.jar;C:\Users\dyx\.m2\repository\it\geosolutions\jaiext\format\jt-format\1.1.21\jt-format-1.1.21.jar;C:\Users\dyx\.m2\repository\it\geosolutions\jaiext\colorconvert\jt-colorconvert\1.1.21\jt-colorconvert-1.1.21.jar;C:\Users\dyx\.m2\repository\it\geosolutions\jaiext\errordiffusion\jt-errordiffusion\1.1.21\jt-errordiffusion-1.1.21.jar;C:\Users\dyx\.m2\repository\it\geosolutions\jaiext\orderdither\jt-orderdither\1.1.21\jt-orderdither-1.1.21.jar;C:\Users\dyx\.m2\repository\it\geosolutions\jaiext\colorindexer\jt-colorindexer\1.1.21\jt-colorindexer-1.1.21.jar;C:\Users\dyx\.m2\repository\it\geosolutions\jaiext\imagefunction\jt-imagefunction\1.1.21\jt-imagefunction-1.1.21.jar;C:\Users\dyx\.m2\repository\it\geosolutions\jaiext\piecewise\jt-piecewise\1.1.21\jt-piecewise-1.1.21.jar;C:\Users\dyx\.m2\repository\it\geosolutions\jaiext\classifier\jt-classifier\1.1.21\jt-classifier-1.1.21.jar;C:\Users\dyx\.m2\repository\it\geosolutions\jaiext\rlookup\jt-rlookup\1.1.21\jt-rlookup-1.1.21.jar;C:\Users\dyx\.m2\repository\it\geosolutions\jaiext\vectorbin\jt-vectorbin\1.1.21\jt-vectorbin-1.1.21.jar;C:\Users\dyx\.m2\repository\it\geosolutions\jaiext\shadedrelief\jt-shadedrelief\1.1.21\jt-shadedrelief-1.1.21.jar;C:\Users\dyx\.m2\repository\commons-io\commons-io\2.10.0\commons-io-2.10.0.jar;C:\Users\dyx\.m2\repository\org\geotools\gt-cql\27-SNAPSHOT\gt-cql-27-SNAPSHOT.jar;C:\Users\dyx\.m2\repository\com\conversantmedia\disruptor\1.2.13\disruptor-1.2.13.jar;C:\Users\dyx\.m2\repository\org\slf4j\slf4j-api\1.7.13\slf4j-api-1.7.13.jar;C:\Users\dyx\.m2\repository\com\miglayout\miglayout\3.7\miglayout-3.7-swing.jar;"/>
    <property name="sun.cpu.endian" value="little"/>
    <property name="user.home" value="C:\Users\dyx"/>
    <property name="user.language" value="zh"/>
    <property name="java.specification.vendor" value="Oracle Corporation"/>
    <property name="java.home" value="C:\Program Files\Java\jdk1.8.0_191\jre"/>
    <property name="basedir" value="D:\Learn\src\GIS\GeoToolsLearn\tutorial"/>
    <property name="file.separator" value="\"/>
    <property name="line.separator" value="&#10;"/>
    <property name="java.vm.specification.vendor" value="Oracle Corporation"/>
    <property name="java.specification.name" value="Java Platform API Specification"/>
    <property name="java.awt.graphicsenv" value="sun.awt.Win32GraphicsEnvironment"/>
    <property name="surefire.real.class.path" value="C:\Users\dyx\AppData\Local\Temp\surefire4965039355218255869\surefirebooter326886529115978302.jar"/>
    <property name="sun.boot.class.path" value="C:\Program Files\Java\jdk1.8.0_191\jre\lib\resources.jar;C:\Program Files\Java\jdk1.8.0_191\jre\lib\rt.jar;C:\Program Files\Java\jdk1.8.0_191\jre\lib\sunrsasign.jar;C:\Program Files\Java\jdk1.8.0_191\jre\lib\jsse.jar;C:\Program Files\Java\jdk1.8.0_191\jre\lib\jce.jar;C:\Program Files\Java\jdk1.8.0_191\jre\lib\charsets.jar;C:\Program Files\Java\jdk1.8.0_191\jre\lib\jfr.jar;C:\Program Files\Java\jdk1.8.0_191\jre\classes"/>
    <property name="user.script" value=""/>
    <property name="sun.management.compiler" value="HotSpot 64-Bit Tiered Compilers"/>
    <property name="java.runtime.version" value="1.8.0_191-b12"/>
    <property name="user.name" value="du"/>
    <property name="path.separator" value=";"/>
    <property name="os.version" value="10.0"/>
    <property name="java.endorsed.dirs" value="C:\Program Files\Java\jdk1.8.0_191\jre\lib\endorsed"/>
    <property name="java.runtime.name" value="Java(TM) SE Runtime Environment"/>
    <property name="file.encoding" value="GBK"/>
    <property name="java.vm.name" value="Java HotSpot(TM) 64-Bit Server VM"/>
    <property name="localRepository" value="C:\Users\dyx\.m2\repository"/>
    <property name="java.vendor.url.bug" value="http://bugreport.sun.com/bugreport/"/>
    <property name="java.io.tmpdir" value="C:\Users\dyx\AppData\Local\Temp\"/>
    <property name="idea.version" value="2021.3"/>
    <property name="java.version" value="1.8.0_191"/>
    <property name="user.dir" value="D:\Learn\src\GIS\GeoToolsLearn\tutorial"/>
    <property name="os.arch" value="amd64"/>
    <property name="java.vm.specification.name" value="Java Virtual Machine Specification"/>
    <property name="java.awt.printerjob" value="sun.awt.windows.WPrinterJob"/>
    <property name="sun.os.patch.level" value=""/>
    <property name="java.library.path" value="C:\Program Files\Java\jdk1.8.0_191\jre\bin;C:\Windows\Sun\Java\bin;C:\Windows\system32;C:\Windows;C:\Python39\Scripts\;C:\Python39\;C:\Python310\Scripts\;C:\Python310\;C:\Program Files (x86)\Common Files\Oracle\Java\javapath;C:\Windows\system32;C:\Windows;C:\Windows\System32\Wbem;C:\Windows\System32\WindowsPowerShell\v1.0\;C:\Windows\System32\OpenSSH\;C:\Program Files\TortoiseSVN\bin;C:\Program Files\nodejs\;C:\Program Files\dotnet\;C:\Program Files\Microsoft SQL Server\130\Tools\Binn\;C:\Program Files (x86)\NetSarang\Xshell 7\;C:\Program Files\Git\cmd;C:\anaconda3;C:\anaconda3\Scripts;C:\anaconda3\Library\bin;C:\Program Files\Microsoft SQL Server\Client SDK\ODBC\170\Tools\Binn\;C:\Program Files\Microsoft SQL Server\150\Tools\Binn\;C:\Users\dyx\AppData\Local\Microsoft\WindowsApps;C:\Users\dyx\AppData\Local\Programs\Microsoft VS Code\bin;C:\Users\dyx\AppData\Roaming\npm;C:\Users\dyx\.dotnet\tools;C:\Users\dyx\AppData\Local\GitHubDesktop\bin;."/>
    <property name="java.vm.info" value="mixed mode"/>
    <property name="java.vendor" value="Oracle Corporation"/>
    <property name="java.vm.version" value="25.191-b12"/>
    <property name="java.ext.dirs" value="C:\Program Files\Java\jdk1.8.0_191\jre\lib\ext;C:\Windows\Sun\Java\lib\ext"/>
    <property name="sun.io.unicode.encoding" value="UnicodeLittle"/>
    <property name="java.class.version" value="52.0"/>
  </properties>
  <testcase name="shouldAnswerWithTrue" classname="org.geotools.AppTest" time="0.001"/>
</testsuite>